2022-03-08 21:26:32,960:INFO:discord.client: logging in using static token
2022-03-08 21:26:33,494:DEBUG:discord.http: GET https://discord.com/api/v7/users/@me with None has returned 200
2022-03-08 21:26:33,494:DEBUG:discord.http: GET https://discord.com/api/v7/users/@me has received {'id': '946302097547206707', 'username': 'DeadBot', 'avatar': None, 'discriminator': '9371', 'public_flags': 0, 'flags': 0, 'bot': True, 'banner': None, 'banner_color': None, 'accent_color': None, 'bio': '', 'locale': 'en-US', 'mfa_enabled': True, 'email': None, 'verified': True}
2022-03-08 21:26:33,556:DEBUG:discord.http: GET https://discord.com/api/v7/gateway with None has returned 200
2022-03-08 21:26:33,556:DEBUG:discord.http: GET https://discord.com/api/v7/gateway has received {'url': 'wss://gateway.discord.gg'}
2022-03-08 21:26:34,086:DEBUG:discord.gateway: Created websocket connected to wss://gateway.discord.gg?encoding=json&v=6&compress=zlib-stream
2022-03-08 21:26:34,086:DEBUG:discord.client: Dispatching event socket_raw_receive
2022-03-08 21:26:34,086:DEBUG:discord.gateway: For Shard ID None: WebSocket Event: {'t': None, 's': None, 'op': 10, 'd': {'heartbeat_interval': 41250, '_trace': ['["gateway-prd-main-q2sk",{"micros":0.0}]']}}
2022-03-08 21:26:34,086:DEBUG:discord.client: Dispatching event socket_response
2022-03-08 21:26:34,087:DEBUG:discord.client: Dispatching event socket_raw_send
2022-03-08 21:26:34,087:DEBUG:discord.client: Dispatching event socket_raw_send
2022-03-08 21:26:34,087:INFO:discord.gateway: Shard ID None has sent the IDENTIFY payload.
2022-03-08 21:26:34,427:DEBUG:discord.client: Dispatching event socket_raw_receive
2022-03-08 21:26:34,427:DEBUG:discord.gateway: For Shard ID None: WebSocket Event: {'t': None, 's': None, 'op': 11, 'd': None}
2022-03-08 21:26:34,427:DEBUG:discord.client: Dispatching event socket_response
2022-03-08 21:26:34,580:DEBUG:discord.client: Dispatching event socket_raw_receive
2022-03-08 21:26:34,580:DEBUG:discord.gateway: For Shard ID None: WebSocket Event: {'t': 'READY', 's': 1, 'op': 0, 'd': {'v': 6, 'user_settings': {}, 'user': {'verified': True, 'username': 'DeadBot', 'mfa_enabled': True, 'id': '946302097547206707', 'flags': 0, 'email': None, 'discriminator': '9371', 'bot': True, 'avatar': None}, 'session_id': '8f70a217e5ece20c36c759b2cc20a6b0', 'relationships': [], 'private_channels': [], 'presences': [], 'guilds': [{'unavailable': True, 'id': '946301558545592341'}], 'guild_join_requests': [], 'geo_ordered_rtc_regions': ['india', 'dubai', 'hongkong', 'singapore', 'russia'], 'application': {'id': '946302097547206707', 'flags': 303104}, '_trace': ['["gateway-prd-main-q2sk",{"micros":153925,"calls":["discord-sessions-blue-prd-2-114",{"micros":153107,"calls":["start_session",{"micros":121710,"calls":["discord-api-748999c96f-mrkl2",{"micros":117034,"calls":["get_user",{"micros":16148},"add_authorized_ip",{"micros":13290},"get_guilds",{"micros":20804},"coros_wait",{"micros":3}]}]},"guilds_connect",{"micros":2,"calls":[]},"presence_connect",{"micros":10305,"calls":[]}]}]}]']}}
2022-03-08 21:26:34,580:DEBUG:discord.client: Dispatching event socket_response
2022-03-08 21:26:34,580:INFO:discord.gateway: Shard ID None has connected to Gateway: ["gateway-prd-main-q2sk",{"micros":153925,"calls":["discord-sessions-blue-prd-2-114",{"micros":153107,"calls":["start_session",{"micros":121710,"calls":["discord-api-748999c96f-mrkl2",{"micros":117034,"calls":["get_user",{"micros":16148},"add_authorized_ip",{"micros":13290},"get_guilds",{"micros":20804},"coros_wait",{"micros":3}]}]},"guilds_connect",{"micros":2,"calls":[]},"presence_connect",{"micros":10305,"calls":[]}]}]}] (Session ID: 8f70a217e5ece20c36c759b2cc20a6b0).
2022-03-08 21:26:34,590:DEBUG:discord.client: Dispatching event connect
2022-03-08 21:26:34,590:DEBUG:discord.client: Dispatching event socket_raw_receive
2022-03-08 21:26:34,590:DEBUG:discord.gateway: For Shard ID None: WebSocket Event: {'t': 'GUILD_CREATE', 's': 2, 'op': 0, 'd': {'unavailable': False, 'premium_subscription_count': 0, 'name': "Deadshot's Test Server", 'stage_instances': [], 'public_updates_channel_id': None, 'region': 'deprecated', 'application_id': None, 'guild_hashes': {'version': 1, 'roles': {'omitted': False, 'hash': 'KaBX0jPUVrA'}, 'metadata': {'omitted': False, 'hash': 'iMQ4YDALAW4'}, 'channels': {'omitted': False, 'hash': 'f//GzagnyN8'}}, 'presences': [{'user': {'id': '354540117320531973'}, 'status': 'online', 'game': {'type': 4, 'session_id': None, 'name': 'Custom Status', 'id': 'custom', 'emoji': {'name': '🍻'}, 'created_at': 1646754822033}, 'client_status': {'desktop': 'online'}, 'activities': [{'type': 4, 'name': 'Custom Status', 'id': 'custom', 'emoji': {'name': '🍻'}, 'created_at': 1646754822033}, {'type': 2, 'timestamps': {'start': 1646754821004, 'end': 1646755038905}, 'sync_id': '7oVKUnaAGVgvGRGs0TQsbx', 'state': 'Rochak Kohli; Amitabh Bachchan; Farhan Akhtar', 'session_id': 'bc4b93360c9d64fecfe1f36c472b65ec', 'party': {'id': 'spotify:354540117320531973'}, 'name': 'Spotify', 'id': 'spotify:1', 'flags': 48, 'details': 'Atrangi Yaari', 'created_at': 1646754822034, 'assets': {'large_text': 'Atrangi Yaari', 'large_image': 'spotify:ab67616d0000b27328189e5da1179f64ec604fea'}}, {'type': 0, 'timestamps': {'start': 1646754214095}, 'name': 'pycharm64', 'id': 'c88fc67803b4ad8e', 'created_at': 1646754214000}]}, {'user': {'id': '946302097547206707'}, 'status': 'online', 'game': None, 'client_status': {'web': 'online'}, 'activities': []}], 'application_command_counts': {'3': 0, '2': 0, '1': 0}, 'emojis': [], 'mfa_level': 0, 'channels': [{'type': 4, 'position': 0, 'permission_overwrites': [], 'name': 'Text Channels', 'id': '946301559040507925'}, {'type': 4, 'position': 0, 'permission_overwrites': [], 'name': 'Voice Channels', 'id': '946301559040507926'}, {'type': 0, 'topic': None, 'rate_limit_per_user': 0, 'position': 0, 'permission_overwrites': [], 'parent_id': '946301559040507925', 'name': 'general', 'last_message_id': '950323969733574726', 'id': '946301559040507927'}, {'user_limit': 0, 'type': 2, 'rtc_region': None, 'rate_limit_per_user': 0, 'position': 0, 'permission_overwrites': [], 'parent_id': '946301559040507926', 'name': 'General', 'last_message_id': None, 'id': '946301559040507928', 'bitrate': 64000}, {'type': 0, 'topic': None, 'rate_limit_per_user': 0, 'position': 2, 'permission_overwrites': [{'type': 'role', 'id': '946301558545592341', 'deny_new': '1024', 'deny': 1024, 'allow_new': '0', 'allow': 0}], 'parent_id': '946301559040507925', 'name': 'bot-logs', 'last_message_id': '950024234992799744', 'id': '946392782912761859'}, {'user_limit': 0, 'type': 2, 'rtc_region': None, 'rate_limit_per_user': 0, 'position': 1, 'permission_overwrites': [], 'parent_id': '946301559040507926', 'name': 'Music', 'last_message_id': None, 'id': '950241036431687721', 'bitrate': 64000}], 'vanity_url_code': None, 'large': False, 'member_count': 5, 'guild_scheduled_events': [], 'max_members': 500000, 'preferred_locale': 'en-US', 'system_channel_flags': 0, 'roles': [{'unicode_emoji': None, 'position': 0, 'permissions_new': '1071698660929', 'permissions': 104320577, 'name': '@everyone', 'mentionable': False, 'managed': False, 'id': '946301558545592341', 'icon': None, 'hoist': False, 'color': 0}, {'unicode_emoji': None, 'position': 5, 'permissions_new': '2181305982975', 'permissions': 1610080255, 'name': 'Admin', 'mentionable': True, 'managed': False, 'id': '946392893621436457', 'icon': None, 'hoist': True, 'color': 15158332}, {'unicode_emoji': None, 'position': 4, 'permissions_new': '1071698660929', 'permissions': 104320577, 'name': 'Testers', 'mentionable': True, 'managed': False, 'id': '946394549872386098', 'icon': None, 'hoist': True, 'color': 2067276}, {'unicode_emoji': None, 'position': 3, 'permissions_new': '2172686683899', 'permissions': 1580715771, 'name': 'BOT', 'mentionable': False, 'managed': False, 'id': '947040694646734908', 'icon': None, 'hoist': True, 'color': 0}, {'unicode_emoji': None, 'tags': {'bot_id': '946302097547206707'}, 'position': 2, 'permissions_new': '1644435603443', 'permissions': 1610612723, 'name': 'Test app', 'mentionable': False, 'managed': True, 'id': '947136232666828885', 'icon': None, 'hoist': False, 'color': 0}, {'unicode_emoji': None, 'position': 1, 'permissions_new': '2189883338327', 'permissions': 1597501015, 'name': 'Mod', 'mentionable': True, 'managed': False, 'id': '947378939163193346', 'icon': None, 'hoist': True, 'color': 12745742}], 'application_command_count': 0, 'nsfw': False, 'afk_timeout': 300, 'hub_type': None, 'description': None, 'afk_channel_id': None, 'threads': [], 'premium_tier': 0, 'splash': None, 'members': [{'user': {'username': 'Deadshot', 'id': '354540117320531973', 'discriminator': '7762', 'avatar': '4563c660a82513b4df45ee279425c258'}, 'roles': ['946392893621436457', '946394549872386098', '947378939163193346'], 'mute': False, 'joined_at': '2022-02-24T07:04:33.085000+00:00', 'hoisted_role': '946392893621436457', 'deaf': False}, {'user': {'username': 'Sheldon', 'id': '391890946922381312', 'discriminator': '4117', 'avatar': None}, 'roles': ['946394549872386098'], 'mute': False, 'joined_at': '2022-02-24T11:06:52.669000+00:00', 'hoisted_role': '946394549872386098', 'deaf': False}, {'user': {'username': 'Manannnn', 'id': '940520251785904128', 'discriminator': '9639', 'avatar': '12d259920722d7312a5cc419881971ef'}, 'roles': ['946394549872386098'], 'mute': False, 'joined_at': '2022-02-24T12:44:32.949000+00:00', 'hoisted_role': '946394549872386098', 'deaf': False}, {'user': {'username': 'DeadBot', 'id': '946302097547206707', 'discriminator': '9371', 'bot': True, 'avatar': None}, 'roles': ['946392893621436457', '947378939163193346', '947040694646734908', '947136232666828885'], 'mute': False, 'joined_at': '2022-02-26T14:21:14.941000+00:00', 'hoisted_role': '946392893621436457', 'deaf': False}, {'user': {'username': 'IshanB', 'id': '947127569122201680', 'discriminator': '6804', 'avatar': None}, 'roles': ['947378939163193346'], 'mute': False, 'joined_at': '2022-02-26T19:50:45.741000+00:00', 'hoisted_role': '947378939163193346', 'deaf': False}], 'rules_channel_id': None, 'verification_level': 0, 'default_message_notifications': 0, 'id': '946301558545592341', 'discovery_splash': None, 'voice_states': [], 'icon': None, 'explicit_content_filter': 0, 'premium_progress_bar_enabled': False, 'embedded_activities': [], 'system_channel_id': '946301559040507927', 'lazy': True, 'features': [], 'banner': None, 'stickers': [], 'nsfw_level': 0, 'joined_at': '2022-02-26T14:21:14.941000+00:00', 'owner_id': '354540117320531973', 'max_video_channel_users': 25}}
2022-03-08 21:26:34,590:DEBUG:discord.client: Dispatching event socket_response
2022-03-08 21:26:34,591:DEBUG:discord.client: Dispatching event guild_available
2022-03-08 21:26:36,597:DEBUG:discord.client: Dispatching event ready
2022-03-08 21:26:36,597:INFO:discord: Logged in as DeadBot#9371
2022-03-08 21:27:15,337:DEBUG:discord.gateway: Keeping shard ID None websocket alive with sequence 2.
2022-03-08 21:27:15,672:DEBUG:discord.client: Dispatching event socket_raw_receive
2022-03-08 21:27:15,672:DEBUG:discord.gateway: For Shard ID None: WebSocket Event: {'t': None, 's': None, 'op': 11, 'd': None}
2022-03-08 21:27:15,672:DEBUG:discord.client: Dispatching event socket_response
2022-03-08 21:27:20,915:DEBUG:discord.client: Dispatching event socket_raw_receive
2022-03-08 21:27:20,915:DEBUG:discord.gateway: For Shard ID None: WebSocket Event: {'t': 'PRESENCE_UPDATE', 's': 3, 'op': 0, 'd': {'user': {'id': '354540117320531973'}, 'status': 'online', 'roles': ['946392893621436457', '946394549872386098', '947378939163193346'], 'guild_id': '946301558545592341', 'game': {'type': 4, 'session_id': None, 'name': 'Custom Status', 'id': 'custom', 'emoji': {'name': '🍻'}, 'created_at': 1646755040445}, 'client_status': {'desktop': 'online'}, 'activities': [{'type': 4, 'name': 'Custom Status', 'id': 'custom', 'emoji': {'name': '🍻'}, 'created_at': 1646755040445}, {'type': 2, 'timestamps': {'start': 1646755039445, 'end': 1646755246391}, 'sync_id': '1vBmaijoCBoqmwc3zs5n3s', 'state': 'Shaan; KK', 'session_id': 'bc4b93360c9d64fecfe1f36c472b65ec', 'party': {'id': 'spotify:354540117320531973'}, 'name': 'Spotify', 'id': 'spotify:1', 'flags': 48, 'details': 'Dus Bahane', 'created_at': 1646755040445, 'assets': {'large_text': 'Dus', 'large_image': 'spotify:ab67616d0000b273b3747b959fc7558a29911765'}}, {'type': 0, 'timestamps': {'start': 1646754214095}, 'name': 'pycharm64', 'id': 'c88fc67803b4ad8e', 'created_at': 1646754214000}]}}
2022-03-08 21:27:20,915:DEBUG:discord.client: Dispatching event socket_response
2022-03-08 21:27:20,915:DEBUG:discord.client: Dispatching event member_update
2022-03-08 21:27:56,588:DEBUG:discord.gateway: Keeping shard ID None websocket alive with sequence 3.
2022-03-08 21:27:56,924:DEBUG:discord.client: Dispatching event socket_raw_receive
2022-03-08 21:27:56,924:DEBUG:discord.gateway: For Shard ID None: WebSocket Event: {'t': None, 's': None, 'op': 11, 'd': None}
2022-03-08 21:27:56,924:DEBUG:discord.client: Dispatching event socket_response
2022-03-08 21:28:37,852:DEBUG:discord.gateway: Keeping shard ID None websocket alive with sequence 3.
2022-03-08 21:28:38,188:DEBUG:discord.client: Dispatching event socket_raw_receive
2022-03-08 21:28:38,188:DEBUG:discord.gateway: For Shard ID None: WebSocket Event: {'t': None, 's': None, 'op': 11, 'd': None}
2022-03-08 21:28:38,188:DEBUG:discord.client: Dispatching event socket_response
2022-03-08 21:29:19,106:DEBUG:discord.gateway: Keeping shard ID None websocket alive with sequence 3.
2022-03-08 21:29:19,442:DEBUG:discord.client: Dispatching event socket_raw_receive
2022-03-08 21:29:19,442:DEBUG:discord.gateway: For Shard ID None: WebSocket Event: {'t': None, 's': None, 'op': 11, 'd': None}
2022-03-08 21:29:19,442:DEBUG:discord.client: Dispatching event socket_response
2022-03-08 21:30:00,367:DEBUG:discord.gateway: Keeping shard ID None websocket alive with sequence 3.
2022-03-08 21:30:00,702:DEBUG:discord.client: Dispatching event socket_raw_receive
2022-03-08 21:30:00,702:DEBUG:discord.gateway: For Shard ID None: WebSocket Event: {'t': None, 's': None, 'op': 11, 'd': None}
2022-03-08 21:30:00,702:DEBUG:discord.client: Dispatching event socket_response
2022-03-08 21:30:41,629:DEBUG:discord.gateway: Keeping shard ID None websocket alive with sequence 3.
2022-03-08 21:30:41,962:DEBUG:discord.client: Dispatching event socket_raw_receive
2022-03-08 21:30:41,962:DEBUG:discord.gateway: For Shard ID None: WebSocket Event: {'t': None, 's': None, 'op': 11, 'd': None}
2022-03-08 21:30:41,962:DEBUG:discord.client: Dispatching event socket_response
2022-03-08 21:30:48,427:DEBUG:discord.client: Dispatching event socket_raw_receive
2022-03-08 21:30:48,427:DEBUG:discord.gateway: For Shard ID None: WebSocket Event: {'t': 'PRESENCE_UPDATE', 's': 4, 'op': 0, 'd': {'user': {'id': '354540117320531973'}, 'status': 'online', 'roles': ['946392893621436457', '946394549872386098', '947378939163193346'], 'guild_id': '946301558545592341', 'game': {'type': 4, 'session_id': None, 'name': 'Custom Status', 'id': 'custom', 'emoji': {'name': '🍻'}, 'created_at': 1646755247967}, 'client_status': {'desktop': 'online'}, 'activities': [{'type': 4, 'name': 'Custom Status', 'id': 'custom', 'emoji': {'name': '🍻'}, 'created_at': 1646755247967}, {'type': 2, 'timestamps': {'start': 1646755247507, 'end': 1646755501807}, 'sync_id': '3MVPReTwLNOBFb6KjiIRNM', 'state': 'Arijit Singh', 'session_id': 'bc4b93360c9d64fecfe1f36c472b65ec', 'party': {'id': 'spotify:354540117320531973'}, 'name': 'Spotify', 'id': 'spotify:1', 'flags': 48, 'details': 'Kabhi Jo Baadal Barse', 'created_at': 1646755247967, 'assets': {'large_text': 'Jackpot', 'large_image': 'spotify:ab67616d0000b27334bb47a8b7da4bcb773400a1'}}, {'type': 0, 'timestamps': {'start': 1646754214095}, 'name': 'pycharm64', 'id': 'c88fc67803b4ad8e', 'created_at': 1646754214000}]}}
2022-03-08 21:30:48,427:DEBUG:discord.client: Dispatching event socket_response
2022-03-08 21:30:48,427:DEBUG:discord.client: Dispatching event member_update
2022-03-08 21:31:22,893:DEBUG:discord.gateway: Keeping shard ID None websocket alive with sequence 4.
2022-03-08 21:31:23,232:DEBUG:discord.client: Dispatching event socket_raw_receive
2022-03-08 21:31:23,232:DEBUG:discord.gateway: For Shard ID None: WebSocket Event: {'t': None, 's': None, 'op': 11, 'd': None}
2022-03-08 21:31:23,232:DEBUG:discord.client: Dispatching event socket_response
2022-03-08 21:32:04,159:DEBUG:discord.gateway: Keeping shard ID None websocket alive with sequence 4.
2022-03-08 21:32:04,502:DEBUG:discord.client: Dispatching event socket_raw_receive
2022-03-08 21:32:04,502:DEBUG:discord.gateway: For Shard ID None: WebSocket Event: {'t': None, 's': None, 'op': 11, 'd': None}
2022-03-08 21:32:04,503:DEBUG:discord.client: Dispatching event socket_response
2022-03-08 21:32:45,415:DEBUG:discord.gateway: Keeping shard ID None websocket alive with sequence 4.
2022-03-08 21:32:45,751:DEBUG:discord.client: Dispatching event socket_raw_receive
2022-03-08 21:32:45,751:DEBUG:discord.gateway: For Shard ID None: WebSocket Event: {'t': None, 's': None, 'op': 11, 'd': None}
2022-03-08 21:32:45,751:DEBUG:discord.client: Dispatching event socket_response
2022-03-08 21:33:26,678:DEBUG:discord.gateway: Keeping shard ID None websocket alive with sequence 4.
2022-03-08 21:33:27,020:DEBUG:discord.client: Dispatching event socket_raw_receive
2022-03-08 21:33:27,020:DEBUG:discord.gateway: For Shard ID None: WebSocket Event: {'t': None, 's': None, 'op': 11, 'd': None}
2022-03-08 21:33:27,020:DEBUG:discord.client: Dispatching event socket_response
2022-03-08 21:34:07,942:DEBUG:discord.gateway: Keeping shard ID None websocket alive with sequence 4.
2022-03-08 21:34:08,292:DEBUG:discord.client: Dispatching event socket_raw_receive
2022-03-08 21:34:08,292:DEBUG:discord.gateway: For Shard ID None: WebSocket Event: {'t': None, 's': None, 'op': 11, 'd': None}
2022-03-08 21:34:08,293:DEBUG:discord.client: Dispatching event socket_response
2022-03-08 21:34:49,200:DEBUG:discord.gateway: Keeping shard ID None websocket alive with sequence 4.
2022-03-08 21:34:49,543:DEBUG:discord.client: Dispatching event socket_raw_receive
2022-03-08 21:34:49,543:DEBUG:discord.gateway: For Shard ID None: WebSocket Event: {'t': None, 's': None, 'op': 11, 'd': None}
2022-03-08 21:34:49,543:DEBUG:discord.client: Dispatching event socket_response
2022-03-08 21:35:03,229:DEBUG:discord.client: Dispatching event socket_raw_receive
2022-03-08 21:35:03,229:DEBUG:discord.gateway: For Shard ID None: WebSocket Event: {'t': 'PRESENCE_UPDATE', 's': 5, 'op': 0, 'd': {'user': {'id': '354540117320531973'}, 'status': 'online', 'roles': ['946392893621436457', '946394549872386098', '947378939163193346'], 'guild_id': '946301558545592341', 'game': {'type': 4, 'session_id': None, 'name': 'Custom Status', 'id': 'custom', 'emoji': {'name': '🍻'}, 'created_at': 1646755502775}, 'client_status': {'desktop': 'online'}, 'activities': [{'type': 4, 'name': 'Custom Status', 'id': 'custom', 'emoji': {'name': '🍻'}, 'created_at': 1646755502775}, {'type': 2, 'timestamps': {'start': 1646755501830, 'end': 1646755867453}, 'sync_id': '7EadaXiYHu40vxlHyE1ib7', 'state': 'Sukhwinder Singh', 'session_id': 'bc4b93360c9d64fecfe1f36c472b65ec', 'party': {'id': 'spotify:354540117320531973'}, 'name': 'Spotify', 'id': 'spotify:1', 'flags': 48, 'details': 'Bismil', 'created_at': 1646755502775, 'assets': {'large_text': 'Haider', 'large_image': 'spotify:ab67616d0000b2730a93baccccffd0eecb2b9baf'}}, {'type': 0, 'timestamps': {'start': 1646754214095}, 'name': 'pycharm64', 'id': 'c88fc67803b4ad8e', 'created_at': 1646754214000}]}}
2022-03-08 21:35:03,229:DEBUG:discord.client: Dispatching event socket_response
2022-03-08 21:35:03,229:DEBUG:discord.client: Dispatching event member_update
2022-03-08 21:35:30,461:DEBUG:discord.gateway: Keeping shard ID None websocket alive with sequence 5.
2022-03-08 21:35:30,805:DEBUG:discord.client: Dispatching event socket_raw_receive
2022-03-08 21:35:30,805:DEBUG:discord.gateway: For Shard ID None: WebSocket Event: {'t': None, 's': None, 'op': 11, 'd': None}
2022-03-08 21:35:30,805:DEBUG:discord.client: Dispatching event socket_response
2022-03-08 21:36:11,717:DEBUG:discord.gateway: Keeping shard ID None websocket alive with sequence 5.
2022-03-08 21:36:12,052:DEBUG:discord.client: Dispatching event socket_raw_receive
2022-03-08 21:36:12,052:DEBUG:discord.gateway: For Shard ID None: WebSocket Event: {'t': None, 's': None, 'op': 11, 'd': None}
2022-03-08 21:36:12,052:DEBUG:discord.client: Dispatching event socket_response
2022-03-08 21:36:52,981:DEBUG:discord.gateway: Keeping shard ID None websocket alive with sequence 5.
2022-03-08 21:36:53,320:DEBUG:discord.client: Dispatching event socket_raw_receive
2022-03-08 21:36:53,320:DEBUG:discord.gateway: For Shard ID None: WebSocket Event: {'t': None, 's': None, 'op': 11, 'd': None}
2022-03-08 21:36:53,320:DEBUG:discord.client: Dispatching event socket_response
2022-03-08 21:37:34,246:DEBUG:discord.gateway: Keeping shard ID None websocket alive with sequence 5.
2022-03-08 21:37:34,587:DEBUG:discord.client: Dispatching event socket_raw_receive
2022-03-08 21:37:34,587:DEBUG:discord.gateway: For Shard ID None: WebSocket Event: {'t': None, 's': None, 'op': 11, 'd': None}
2022-03-08 21:37:34,587:DEBUG:discord.client: Dispatching event socket_response
2022-03-08 21:38:15,499:DEBUG:discord.gateway: Keeping shard ID None websocket alive with sequence 5.
2022-03-08 21:38:15,841:DEBUG:discord.client: Dispatching event socket_raw_receive
2022-03-08 21:38:15,841:DEBUG:discord.gateway: For Shard ID None: WebSocket Event: {'t': None, 's': None, 'op': 11, 'd': None}
2022-03-08 21:38:15,841:DEBUG:discord.client: Dispatching event socket_response
2022-03-08 21:38:56,752:DEBUG:discord.gateway: Keeping shard ID None websocket alive with sequence 5.
2022-03-08 21:38:57,088:DEBUG:discord.client: Dispatching event socket_raw_receive
2022-03-08 21:38:57,088:DEBUG:discord.gateway: For Shard ID None: WebSocket Event: {'t': None, 's': None, 'op': 11, 'd': None}
2022-03-08 21:38:57,088:DEBUG:discord.client: Dispatching event socket_response
